c:\users\1321\source\repos\apcring0\x64\debug\vc142.pdb
c:\users\1321\source\repos\apcring0\x64\debug\pagetablesplit.obj
c:\users\1321\source\repos\apcring0\x64\debug\myfunction.obj
c:\users\1321\source\repos\apcring0\x64\debug\insertapc.obj
c:\users\1321\source\repos\apcring0\x64\debug\driverentry.obj
c:\users\1321\source\repos\apcring0\x64\debug\apcring0.sys
c:\users\1321\source\repos\apcring0\x64\debug\apcring0.pdb
c:\users\1321\source\repos\apcring0\x64\debug\apcring0.inf
c:\users\1321\source\repos\apcring0\x64\debug\apcring0.cer
c:\users\1321\source\repos\apcring0\x64\debug\apcring0.tlog\cl.command.1.tlog
c:\users\1321\source\repos\apcring0\x64\debug\apcring0.tlog\cl.read.1.tlog
c:\users\1321\source\repos\apcring0\x64\debug\apcring0.tlog\cl.write.1.tlog
c:\users\1321\source\repos\apcring0\x64\debug\apcring0.tlog\link.command.1.tlog
c:\users\1321\source\repos\apcring0\x64\debug\apcring0.tlog\link.read.1.tlog
c:\users\1321\source\repos\apcring0\x64\debug\apcring0.tlog\link.write.1.tlog
c:\users\1321\source\repos\apcring0\x64\debug\apcring0.tlog\signtool.command.1.tlog
c:\users\1321\source\repos\apcring0\x64\debug\apcring0.tlog\signtool.read.1.tlog
c:\users\1321\source\repos\apcring0\x64\debug\apcring0.tlog\signtool.timestamp.1.tlog
c:\users\1321\source\repos\apcring0\x64\debug\apcring0.tlog\signtool.write.1.tlog
c:\users\1321\source\repos\apcring0\x64\debug\apcring0.tlog\stampinf.command.1.tlog
c:\users\1321\source\repos\apcring0\x64\debug\apcring0.tlog\stampinf.read.1.tlog
c:\users\1321\source\repos\apcring0\x64\debug\apcring0.tlog\stampinf.write.1.tlog
