  Building 'DriverInjector' with toolset 'WindowsKernelModeDriver10.0' and the 'Desktop' target platform.
  PageTableSplit.c
C:\Users\1321\source\repos\PageTableSplit\PageTableSplit.c(89,1): warning C4047: 'initializing': 'PPTEx64' differs in levels of indirection from 'ULONG64'
C:\Users\1321\source\repos\PageTableSplit\PageTableSplit.c(96,1): warning C4047: 'initializing': 'PPTEx64' differs in levels of indirection from 'ULONG64'
C:\Users\1321\source\repos\PageTableSplit\PageTableSplit.c(134,26): warning C4047: 'function': 'ULONG64' differs in levels of indirection from 'PVOID'
C:\Users\1321\source\repos\PageTableSplit\PageTableSplit.c(134,18): warning C4024: 'SetExecutePage': different types for formal and actual parameter 1
  DriverEntry.c
  IRP.c
C:\Users\1321\source\repos\DriverInjector\IRP.c(22,53): warning C4047: 'function': 'PULONG' differs in levels of indirection from 'PULONG *'
C:\Users\1321\source\repos\DriverInjector\IRP.c(22,48): warning C4024: 'FindModule': different types for formal and actual parameter 3
C:\Users\1321\source\repos\DriverInjector\IRP.c(29,41): warning C4047: 'function': 'ULONG' differs in levels of indirection from 'PULONG'
C:\Users\1321\source\repos\DriverInjector\IRP.c(29,37): warning C4024: 'FindFun': different types for formal and actual parameter 2
C:\Users\1321\source\repos\DriverInjector\IRP.c(84,36): warning C4047: '=': 'unsigned __int64' differs in levels of indirection from 'PCHAR'
C:\Users\1321\source\repos\DriverInjector\IRP.c(118,39): warning C4047: '=': 'unsigned __int64' differs in levels of indirection from 'char *'
C:\Users\1321\source\repos\DriverInjector\IRP.c(119,44): warning C4047: '=': 'unsigned __int64' differs in levels of indirection from 'char *'
C:\Users\1321\source\repos\DriverInjector\IRP.c(143,25): warning C4047: '=': 'ULONG64' differs in levels of indirection from 'PVOID'
C:\Users\1321\source\repos\DriverInjector\IRP.c(151,36): warning C4047: 'function': 'ULONG' differs in levels of indirection from 'PULONG'
C:\Users\1321\source\repos\DriverInjector\IRP.c(151,32): warning C4024: 'FindFun': different types for formal and actual parameter 2
C:\Users\1321\source\repos\DriverInjector\IRP.c(30,8): warning C4101: 'dwreturn2': unreferenced local variable
  myfunction.c
C:\Users\1321\source\repos\DriverInjector\myfunction.c(25,10): warning C4201: nonstandard extension used: nameless struct/union
C:\Users\1321\source\repos\DriverInjector\myfunction.c(26,6): warning C4201: nonstandard extension used: nameless struct/union
C:\Users\1321\source\repos\DriverInjector\myfunction.c(30,10): warning C4201: nonstandard extension used: nameless struct/union
C:\Users\1321\source\repos\DriverInjector\myfunction.c(33,10): warning C4201: nonstandard extension used: nameless struct/union
C:\Users\1321\source\repos\DriverInjector\myfunction.c(34,6): warning C4201: nonstandard extension used: nameless struct/union
C:\Users\1321\source\repos\DriverInjector\myfunction.c(61,50): warning C4133: 'function': incompatible types - from 'PWCHAR' to 'const char *'
C:\Users\1321\source\repos\DriverInjector\myfunction.c(192,1): warning C4047: 'initializing': 'ULONG_PTR' differs in levels of indirection from 'PVOID'
C:\Users\1321\source\repos\DriverInjector\myfunction.c(224,1): warning C4047: 'initializing': 'ULONG_PTR' differs in levels of indirection from 'PVOID'
C:\Users\1321\source\repos\DriverInjector\myfunction.c(257,1): warning C4047: 'initializing': 'ULONG_PTR' differs in levels of indirection from 'PVOID'
C:\Users\1321\source\repos\DriverInjector\myfunction.c(282,51): warning C4100: 'PreviousSuspendCount': unreferenced formal parameter
C:\Users\1321\source\repos\DriverInjector\myfunction.c(282,35): warning C4100: 'Thread': unreferenced formal parameter
  Generating Code...
C:\Users\1321\source\repos\DriverInjector\myfunction.c(317): warning C4716: 'PsSuspendThread': must return a value
C:\Users\1321\source\repos\PageTableSplit\PageTableSplit.c(49): warning C4702: unreachable code
  DriverInjector.vcxproj -> C:\Users\1321\source\repos\DriverInjector\x64\Debug\DriverInjector.sys
  Done Adding Additional Store
  Successfully signed: C:\Users\1321\source\repos\DriverInjector\x64\Debug\DriverInjector.sys
  
  TrustAsia Signature Tools v3.2.0
  
  C:\Users\1321\source\repos\DriverInjector/x64/debug/DriverInjector.sys	Start signature...	Signature success!
  Signature finish.
